<?xml version="1.0" encoding="UTF-8"?>
<!-- Generated by org.testng.reporters.JUnitReportReporter -->
<testsuite hostname="PLIN003999" failures="0" tests="6" name="files.DynamicJson" time="5.395" errors="0" timestamp="2023-02-24T16:36:41 EST" skipped="0">
  <testcase classname="files.DynamicJson" name="addBook" time="3.081"/>
  <system-out/>
  <testcase classname="files.DynamicJson" name="deleteBook" time="0.441"/>
  <system-out/>
  <testcase classname="files.DynamicJson" name="addBook" time="0.475"/>
  <system-out/>
  <testcase classname="files.DynamicJson" name="deleteBook" time="0.446"/>
  <system-out/>
  <testcase classname="files.DynamicJson" name="addBook" time="0.510"/>
  <system-out/>
  <testcase classname="files.DynamicJson" name="deleteBook" time="0.442"/>
  <system-out/>
</testsuite> <!-- files.DynamicJson -->
