<?xml version="1.0" encoding="UTF-8"?>
<!-- Generated by org.testng.reporters.JUnitReportReporter -->
<testsuite hostname="PLIN003999" failures="0" tests="1" name="SumValidation" time="1.647" errors="0" timestamp="2023-02-23T16:45:03 EST" skipped="0">
  <testcase classname="SumValidation" name="sumOfCourses" time="1.647"/>
  <system-out/>
</testsuite> <!-- SumValidation -->
